<?xml version="1.0" encoding="UTF-8"?>
<!-- Generated by org.testng.reporters.JUnitXMLReporter -->
<testsuite hostname="DESKTOP-RU11HV8" ignored="0" name="Default test" tests="3" failures="0" timestamp="22 Apr 2021 01:28:30 GMT" time="47.709" errors="0">
  <testcase name="verifyContactsLabelTest" time="0.463" classname="com.crm.qa.testcases.ContactPageTest"/>
  <testcase name="validateContactsPageTitle" time="0.007" classname="com.crm.qa.testcases.ContactPageTest"/>
  <testcase name="createNewQueryTest" time="0.0" classname="com.crm.qa.testcases.ContactPageTest">
    <skipped/>
  </testcase> <!-- createNewQueryTest -->
</testsuite> <!-- Default test -->
